[phet.colorado.edu/sims/html/build-a-nucleus/latest/build-a-nucleus_all75fc.html]
[backblue.gif]
[fade.gif]
[index.html]
[phet.colorado.edu/sims/html/build-a-nucleus/latest/build-a-nucleus-600.png]
[phet.colorado.edu/sims/html/build-a-nucleus/latest/CC0_ http_/creativecommons.org/publicdomain/zero/1.0/index.html]
[phet.colorado.edu/sims/html/build-a-nucleus/latest/build-a-nucleus_en.html]
[phet.colorado.edu/Users/chrisandrejewski/Desktop/Work/github-repos/himalaya/src/compat.3.delayed]
[phet.colorado.edu/Users/chrisandrejewski/Desktop/Work/github-repos/himalaya/src/format.js]
[phet.colorado.edu/Users/chrisandrejewski/Desktop/Work/github-repos/himalaya/src/index.js]
[phet.colorado.edu/Users/chrisandrejewski/Desktop/Work/github-repos/himalaya/src/lexer.js]
[phet.colorado.edu/Users/chrisandrejewski/Desktop/Work/github-repos/himalaya/src/parser.js]
[phet.colorado.edu/Users/chrisandrejewski/Desktop/Work/github-repos/himalaya/src/stringify.js]
[phet.colorado.edu/Users/chrisandrejewski/Desktop/Work/github-repos/himalaya/src/tags.js]
[phet.colorado.edu/sims/html/build-a-nucleus/latest/node/self.js]
[phet.colorado.edu/yotta/immediated41d.gif]
[phet.colorado.edu/sims/html/build-a-nucleus/latest/build-a-nucleus_all75fc.html]
[phet.colorado.edu/sims/html/build-a-nucleus/latest/build-a-nucleus_en.html]
[phet.colorado.edu/sims/html/build-a-nucleus/latest/CC0_ http_/creativecommons.org/publicdomain/zero/1.0/index.html]
[phet.colorado.edu/Users/chrisandrejewski/Desktop/Work/github-repos/himalaya/src/compat.html]
[phet.colorado.edu/Users/chrisandrejewski/Desktop/Work/github-repos/himalaya/src/format.html]
[phet.colorado.edu/Users/chrisandrejewski/Desktop/Work/github-repos/himalaya/src/index.html]
[phet.colorado.edu/Users/chrisandrejewski/Desktop/Work/github-repos/himalaya/src/lexer.html]
[phet.colorado.edu/Users/chrisandrejewski/Desktop/Work/github-repos/himalaya/src/parser.html]
[phet.colorado.edu/Users/chrisandrejewski/Desktop/Work/github-repos/himalaya/src/stringify.html]
[phet.colorado.edu/Users/chrisandrejewski/Desktop/Work/github-repos/himalaya/src/tags.html]
[phet.colorado.edu/sims/html/build-a-nucleus/latest/node/self.html]
[phet.colorado.edu/sims/html/build-a-nucleus/latest/ABCDEFGHIJKLMNOPQRSTUVWXYZabcdefghijklmnopqrstuvwxyz0123456789+/index.html]
[phet.colorado.edu/sims/html/build-a-nucleus/latest/ABCDEFGHIJKLMNOPQRSTUVWXYZabcdefghijklmnopqrstuvwxyz0123456789+/index.html]
